[2022-06-05 16:13:03-03:00] INFO: Installer API request received {"method":"GET","endpoint":"checkApi"} 
nsions"} 
[2022-06-05 16:13:03-03:00] NOTICE: Trying Winter CMS API  
[2022-06-05 16:13:03-03:00] NOTICE: Checking PHP "curl" extension  
[2022-06-05 16:13:03-03:00] NOTICE: Compared PHP version {"installed":"7.4.9","needed":"7.2.9"} 
[2022-06-05 16:13:03-03:00] NOTICE: Checking PHP "json" extension  
[2022-06-05 16:13:03-03:00] INFO: Winter API request {"method":"GET","uri":"ping"} 
[2022-06-05 16:13:03-03:00] NOTICE: PHP version requirement met.  
[2022-06-05 16:13:03-03:00] NOTICE: Checking PHP "pdo" extension  
[2022-06-05 16:13:03-03:00] NOTICE: Checking PHP "zip" extension  
[2022-06-05 16:13:03-03:00] NOTICE: Checking PHP "mbstring" extension  
[2022-06-05 16:13:03-03:00] NOTICE: Checking PHP "fileinfo" extension  
[2022-06-05 16:13:03-03:00] NOTICE: Checking PHP "openssl" extension  
[2022-06-05 16:13:03-03:00] NOTICE: Checking PHP "gd" extension  
[2022-06-05 16:13:03-03:00] NOTICE: Checking PHP "filter" extension  
[2022-06-05 16:13:03-03:00] NOTICE: Checking PHP "hash" extension  
[2022-06-05 16:13:03-03:00] NOTICE: Checking PHP "dom" extension  
[2022-06-05 16:13:03-03:00] NOTICE: Required PHP extensions are installed.  
[2022-06-05 16:13:03-03:00] ERROR: Unable to verify SSL certificate or connection  
[2022-06-05 16:13:03-03:00] DEBUG: Response received from Winter API {"response":""} 
[2022-06-05 16:13:03-03:00] ERROR: Unable to verify SSL certificate or connection {"exception":"[object] (Winter\\Installer\\Exception\\SSLValidationException(code: 0): Unable to verify SSL certificate or connection at C:\\wamp64\\www\\flexivel\\install\\api\\src\\Api.php:1018)"} 
[2022-06-05 16:13:03-03:00] ERROR: Unable to verify SSL certificate or connection {"code":500,"exception":null} 
[2022-06-05 16:13:03-03:00] INFO: Installer API request received {"method":"POST","endpoint":"ignoreCerts"} 
[2022-06-05 16:13:03-03:00] NOTICE: Ignoring SSL certificate validation issues  
[2022-06-05 16:13:03-03:00] INFO: Installer API request received {"method":"GET","endpoint":"checkPhpVersion"} 
6-05 16:13:03-03:00] NOTICE: Trying Winter CMS API  
[2022-06-05 16:13:03-03:00] INFO: Winter API request {"method":"GET","uri":"ping"} 
[2022-06-05 16:13:03-03:00] NOTICE: Compared PHP version {"installed":"7.4.9","needed":"7.2.9"} 
[2022-06-05 16:13:03-03:00] NOTICE: PHP version requirement met.  
[2022-06-05 16:13:03-03:00] INFO: Installer API request received {"method":"GET","endpoint":"checkPhpExtensions"} 
[2022-06-05 16:13:03-03:00] NOTICE: Checking PHP "curl" extension  
[2022-06-05 16:13:03-03:00] NOTICE: Checking PHP "json" extension  
[2022-06-05 16:13:03-03:00] NOTICE: Checking PHP "pdo" extension  
[2022-06-05 16:13:03-03:00] NOTICE: Checking PHP "zip" extension  
[2022-06-05 16:13:03-03:00] NOTICE: Checking PHP "mbstring" extension  
[2022-06-05 16:13:03-03:00] NOTICE: Checking PHP "fileinfo" extension  
[2022-06-05 16:13:03-03:00] NOTICE: Checking PHP "openssl" extension  
[2022-06-05 16:13:03-03:00] NOTICE: Checking PHP "gd" extension  
[2022-06-05 16:13:03-03:00] NOTICE: Checking PHP "filter" extension  
[2022-06-05 16:13:03-03:00] NOTICE: Checking PHP "hash" extension  
[2022-06-05 16:13:03-03:00] NOTICE: Checking PHP "dom" extension  
[2022-06-05 16:13:03-03:00] NOTICE: Required PHP extensions are installed.  
[2022-06-05 16:13:04-03:00] NOTICE: Response received from Winter CMS API {"response":"pong"} 
[2022-06-05 16:13:04-03:00] NOTICE: Winter CMS API connection successful.  
[2022-06-05 16:15:04-03:00] INFO: Installer API request received {"method":"POST","endpoint":"checkDatabase"} 
 
[2022-06-05 16:15:04-03:00] NOTICE: Check database connection  
[2022-06-05 16:15:04-03:00] NOTICE: Current working directory is writable.  
[2022-06-05 16:15:05-03:00] ERROR: Database could not be connected to. {"code":500,"exception":"SQLSTATE[HY000] [1049] Unknown database 'flexivel'"} 
[2022-06-05 16:15:16-03:00] INFO: Installer API request received {"method":"POST","endpoint":"checkDatabase"} 
[2022-06-05 16:15:16-03:00] NOTICE: Check database connection  
[2022-06-05 16:15:16-03:00] INFO: Installer API request received {"method":"GET","endpoint":"checkWriteAccess"} 
[2022-06-05 16:15:16-03:00] NOTICE: Current working directory is writable.  
[2022-06-05 16:15:17-03:00] NOTICE: Found 0 table(s) {"tables":""} 
[2022-06-05 16:15:17-03:00] NOTICE: Database connection established and verified empty  
[2022-06-05 16:15:18-03:00] INFO: Installer API request received {"method":"POST","endpoint":"downloadWinter"} 
[2022-06-05 16:15:18-03:00] NOTICE: Try downloading Winter CMS archive  
[2022-06-05 16:15:18-03:00] NOTICE: Downloading Winter ZIP via cURL {"url":"https://github.com/wintercms/winter/archive/refs/heads/1.1.zip"} 
[2022-06-05 16:15:21-03:00] NOTICE: Winter CMS ZIP file downloaded {"path":"C:\\wamp64\\www\\flexivel\\.wintercms\\winter.zip"} 
[2022-06-05 16:15:21-03:00] INFO: Installer API request received {"method":"POST","endpoint":"extractWinter"} 
[2022-06-05 16:15:21-03:00] NOTICE: Begin extracting Winter CMS archive  
[2022-06-05 16:15:53-03:00] NOTICE: Move subfoldered files into position {"subfolder":"winter-1.1/"} 
[2022-06-05 16:15:55-03:00] NOTICE: Remove ZIP subfolder {"subfolder":"winter-1.1/"} 
[2022-06-05 16:15:55-03:00] NOTICE: Make artisan command-line tool executable {"path":"C:\\wamp64\\www\\flexivel\\.wintercms\\artisan"} 
[2022-06-05 16:15:55-03:00] NOTICE: Remove Composer Merge plugin from composer.json if found  
[2022-06-05 16:15:55-03:00] NOTICE: Found merge plugin in required packages - removing  
[2022-06-05 16:15:55-03:00] NOTICE: Found merge plugin config in "extra" config definition - removing  
[2022-06-05 16:15:55-03:00] INFO: Installer API request received {"method":"POST","endpoint":"lockDependencies"} 
[2022-06-05 16:15:55-03:00] NOTICE: Create Composer instance  
[2022-06-05 16:15:55-03:00] NOTICE: Set memory limit to 1.5GB  
[2022-06-05 16:15:55-03:00] NOTICE: Set work directory for Composer {"path":"C:\\wamp64\\www\\flexivel\\.wintercms"} 
[2022-06-05 16:15:55-03:00] NOTICE: Create home/cache directory for Composer {"path":"C:\\wamp64\\www\\flexivel\\.wintercms\\.composer"} 
[2022-06-05 16:15:55-03:00] NOTICE: Set home/cache directory for Composer {"path":"C:\\wamp64\\www\\flexivel\\.wintercms\\.composer"} 
[2022-06-05 16:15:55-03:00] NOTICE: Run Composer "update" command - generate only a lockfile  
[2022-06-05 16:17:03-03:00] NOTICE: Locked Composer packages {"numPackages":105,"lockFile":"C:\\wamp64\\www\\flexivel\\.wintercms\\composer.lock"} 
[2022-06-05 16:17:03-03:00] INFO: Installer API request received {"method":"POST","endpoint":"installDependencies"} 
[2022-06-05 16:17:03-03:00] NOTICE: Create Composer instance  
[2022-06-05 16:17:03-03:00] NOTICE: Set memory limit to 1.5GB  
[2022-06-05 16:17:03-03:00] NOTICE: Set work directory for Composer {"path":"C:\\wamp64\\www\\flexivel\\.wintercms"} 
[2022-06-05 16:17:03-03:00] NOTICE: Set home/cache directory for Composer {"path":"C:\\wamp64\\www\\flexivel\\.wintercms\\.composer"} 
[2022-06-05 16:17:03-03:00] NOTICE: Run Composer "install" command - install from lockfile  
[2022-06-05 16:18:51-03:00] NOTICE: Installed Composer packages {"numPackages":105} 
[2022-06-05 16:18:51-03:00] INFO: Installer API request received {"method":"POST","endpoint":"setupConfig"} 
[2022-06-05 16:18:51-03:00] NOTICE: Booting Laravel framework  
[2022-06-05 16:18:51-03:00] NOTICE: Loading autoloader  
[2022-06-05 16:19:01-03:00] NOTICE: Bootstrapping kernel  
[2022-06-05 16:19:03-03:00] NOTICE: Rewriting config {"path":"C:\\wamp64\\www\\flexivel\\.wintercms\\config\\app.php"} 
[2022-06-05 16:19:03-03:00] NOTICE: Rewriting config {"path":"C:\\wamp64\\www\\flexivel\\.wintercms\\config\\cms.php"} 
[2022-06-05 16:19:03-03:00] NOTICE: Rewriting config {"path":"C:\\wamp64\\www\\flexivel\\.wintercms\\config\\database.php"} 
[2022-06-05 16:19:03-03:00] NOTICE: Flushing OPCache  
[2022-06-05 16:19:03-03:00] INFO: Installer API request received {"method":"POST","endpoint":"runMigrations"} 
[2022-06-05 16:19:03-03:00] NOTICE: Booting Laravel framework  
[2022-06-05 16:19:03-03:00] NOTICE: Loading autoloader  
[2022-06-05 16:19:03-03:00] NOTICE: Bootstrapping kernel  
[2022-06-05 16:19:04-03:00] NOTICE: Running artisan "config:clear" command  
[2022-06-05 16:19:05-03:00] NOTICE: Command finished. {"output":"Configuration cache cleared!\r\n"} 
[2022-06-05 16:19:05-03:00] NOTICE: Running database migrations  
[2022-06-05 16:19:47-03:00] NOTICE: Command finished. {"output":"Migrating application and plugins...\r\nMigration table created\r\nSystem\r\nMigrating: 2013_10_01_000001_Db_Deferred_Bindings\r\nMigrated:  2013_10_01_000001_Db_Deferred_Bindings (1.58 seconds)\r\nMigrating: 2013_10_01_000002_Db_System_Files\r\nMigrated:  2013_10_01_000002_Db_System_Files (1.58 seconds)\r\nMigrating: 2013_10_01_000003_Db_System_Plugin_Versions\r\nMigrated:  2013_10_01_000003_Db_System_Plugin_Versions (1.06 seconds)\r\nMigrating: 2013_10_01_000004_Db_System_Plugin_History\r\nMigrated:  2013_10_01_000004_Db_System_Plugin_History (1.26 seconds)\r\nMigrating: 2013_10_01_000005_Db_System_Settings\r\nMigrated:  2013_10_01_000005_Db_System_Settings (0.43 seconds)\r\nMigrating: 2013_10_01_000006_Db_System_Parameters\r\nMigrated:  2013_10_01_000006_Db_System_Parameters (0.9 seconds)\r\nMigrating: 2013_10_01_000007_Db_System_Add_Disabled_Flag\r\nMigrated:  2013_10_01_000007_Db_System_Add_Disabled_Flag (0.75 seconds)\r\nMigrating: 2013_10_01_000008_Db_System_Mail_Templates\r\nMigrated:  2013_10_01_000008_Db_System_Mail_Templates (0.74 seconds)\r\nMigrating: 2013_10_01_000009_Db_System_Mail_Layouts\r\nMigrated:  2013_10_01_000009_Db_System_Mail_Layouts (0.31 seconds)\r\nMigrating: 2014_10_01_000010_Db_Jobs\r\nMigrated:  2014_10_01_000010_Db_Jobs (0.32 seconds)\r\nMigrating: 2014_10_01_000011_Db_System_Event_Logs\r\nMigrated:  2014_10_01_000011_Db_System_Event_Logs (0.96 seconds)\r\nMigrating: 2014_10_01_000012_Db_System_Request_Logs\r\nMigrated:  2014_10_01_000012_Db_System_Request_Logs (0.49 seconds)\r\nMigrating: 2014_10_01_000013_Db_System_Sessions\r\nMigrated:  2014_10_01_000013_Db_System_Sessions (1.08 seconds)\r\nMigrating: 2015_10_01_000014_Db_System_Mail_Layout_Rename\r\nMigrated:  2015_10_01_000014_Db_System_Mail_Layout_Rename (0.02 seconds)\r\nMigrating: 2015_10_01_000015_Db_System_Add_Frozen_Flag\r\nMigrated:  2015_10_01_000015_Db_System_Add_Frozen_Flag (1.05 seconds)\r\nMigrating: 2015_10_01_000016_Db_Cache\r\nMigrated:  2015_10_01_000016_Db_Cache (1.21 seconds)\r\nMigrating: 2015_10_01_000017_Db_System_Revisions\r\nMigrated:  2015_10_01_000017_Db_System_Revisions (2.06 seconds)\r\nMigrating: 2015_10_01_000018_Db_FailedJobs\r\nMigrated:  2015_10_01_000018_Db_FailedJobs (0.62 seconds)\r\nMigrating: 2016_10_01_000019_Db_System_Plugin_History_Detail_Text\r\nMigrated:  2016_10_01_000019_Db_System_Plugin_History_Detail_Text (3.31 seconds)\r\nMigrating: 2016_10_01_000020_Db_System_Timestamp_Fix\r\nMigrated:  2016_10_01_000020_Db_System_Timestamp_Fix (1.15 seconds)\r\nMigrating: 2017_08_04_121309_Db_Deferred_Bindings_Add_Index_Session\r\nMigrated:  2017_08_04_121309_Db_Deferred_Bindings_Add_Index_Session (0.2 seconds)\r\nMigrating: 2017_10_01_000021_Db_System_Sessions_Update\r\nMigrated:  2017_10_01_000021_Db_System_Sessions_Update (0.7 seconds)\r\nMigrating: 2017_10_01_000022_Db_Jobs_FailedJobs_Update\r\nMigrated:  2017_10_01_000022_Db_Jobs_FailedJobs_Update (1.94 seconds)\r\nMigrating: 2017_10_01_000023_Db_System_Mail_Partials\r\nMigrated:  2017_10_01_000023_Db_System_Mail_Partials (0.43 seconds)\r\nMigrating: 2017_10_23_000024_Db_System_Mail_Layouts_Add_Options_Field\r\nMigrated:  2017_10_23_000024_Db_System_Mail_Layouts_Add_Options_Field (0.59 seconds)\r\nMigrating: 2021_10_01_000025_Db_Add_Pivot_Data_To_Deferred_Bindings\r\nMigrated:  2021_10_01_000025_Db_Add_Pivot_Data_To_Deferred_Bindings (0.78 seconds)\r\nBackend\r\nMigrating: 2013_10_01_000001_Db_Backend_Users\r\nMigrated:  2013_10_01_000001_Db_Backend_Users (1.54 seconds)\r\nMigrating: 2013_10_01_000002_Db_Backend_User_Groups\r\nMigrated:  2013_10_01_000002_Db_Backend_User_Groups (0.53 seconds)\r\nMigrating: 2013_10_01_000003_Db_Backend_Users_Groups\r\nMigrated:  2013_10_01_000003_Db_Backend_Users_Groups (0.79 seconds)\r\nMigrating: 2013_10_01_000004_Db_Backend_User_Throttle\r\nMigrated:  2013_10_01_000004_Db_Backend_User_Throttle (1.02 seconds)\r\nMigrating: 2014_01_04_000005_Db_Backend_User_Preferences\r\nMigrated:  2014_01_04_000005_Db_Backend_User_Preferences (1.05 seconds)\r\nMigrating: 2014_10_01_000006_Db_Backend_Access_Log\r\nMigrated:  2014_10_01_000006_Db_Backend_Access_Log (0.31 seconds)\r\nMigrating: 2014_10_01_000007_Db_Backend_Add_Description_Field\r\nMigrated:  2014_10_01_000007_Db_Backend_Add_Description_Field (0.79 seconds)\r\nMigrating: 2015_10_01_000008_Db_Backend_Add_Superuser_Flag\r\nMigrated:  2015_10_01_000008_Db_Backend_Add_Superuser_Flag (0.77 seconds)\r\nMigrating: 2016_10_01_000009_Db_Backend_Timestamp_Fix\r\nMigrated:  2016_10_01_000009_Db_Backend_Timestamp_Fix (0.33 seconds)\r\nMigrating: 2017_10_01_000010_Db_Backend_User_Roles\r\nMigrated:  2017_10_01_000010_Db_Backend_User_Roles (0.72 seconds)\r\nMigrating: 2018_12_16_000011_Db_Backend_Add_Deleted_At\r\nMigrated:  2018_12_16_000011_Db_Backend_Add_Deleted_At (0 seconds)\r\nCms\r\nMigrating: 2014_10_01_000001_Db_Cms_Theme_Data\r\nMigrated:  2014_10_01_000001_Db_Cms_Theme_Data (0.48 seconds)\r\nMigrating: 2016_10_01_000002_Db_Cms_Timestamp_Fix\r\nMigrated:  2016_10_01_000002_Db_Cms_Timestamp_Fix (0.11 seconds)\r\nMigrating: 2017_10_01_000003_Db_Cms_Theme_Logs\r\nMigrated:  2017_10_01_000003_Db_Cms_Theme_Logs (1.28 seconds)\r\nMigrating: 2018_11_01_000001_Db_Cms_Theme_Templates\r\nMigrated:  2018_11_01_000001_Db_Cms_Theme_Templates (0.53 seconds)\r\nSeeded System \r\nSeeded Backend \r\nWinter.Demo\r\n - v1.0.1:  First version of Demo\r\n\r\n\\Backend\\Database\\Seeds\\DatabaseSeeder reported:\r\n - The following password has been automatically generated for the \"admin\" account: 14ucPYCXpppjj4O3ufBY47\r\n"} 
[2022-06-05 16:19:47-03:00] INFO: Installer API request received {"method":"POST","endpoint":"createAdmin"} 
[2022-06-05 16:19:47-03:00] NOTICE: Booting Laravel framework  
[2022-06-05 16:19:47-03:00] NOTICE: Loading autoloader  
[2022-06-05 16:19:47-03:00] NOTICE: Bootstrapping kernel  
[2022-06-05 16:19:47-03:00] NOTICE: Finding initial admin account  
[2022-06-05 16:19:47-03:00] NOTICE: Changing admin account to details provided in installation  
[2022-06-05 16:19:47-03:00] INFO: Installer API request received {"method":"POST","endpoint":"cleanUp"} 
[2022-06-05 16:19:47-03:00] NOTICE: Removing installation files  
[2022-06-05 16:19:47-03:00] NOTICE: Removing temporary installation folders  
[2022-06-05 16:19:57-03:00] NOTICE: Removing core development files  
[2022-06-05 16:19:57-03:00] NOTICE: Moving files from temporary work directory to final installation path {"workDir":"C:\\wamp64\\www\\flexivel\\.wintercms","installDir":"C:\\wamp64\\www\\flexivel"} 
[2022-06-05 16:19:57-03:00] NOTICE: Removing work directory  
[2022-06-05 16:19:57-03:00] NOTICE: Installation complete!  
